INFO: [VRFC 10-2263] Analyzing Verilog file "C:/Users/fstqwq/OneDrive/cpu/riscv/src/common/block_ram/block_ram.v" into library xil_defaultlib
INFO: [VRFC 10-311] analyzing module dual_port_ram_sync
INFO: [VRFC 10-311] analyzing module single_port_ram_sync
INFO: [VRFC 10-2263] Analyzing Verilog file "C:/Users/fstqwq/OneDrive/cpu/riscv/src/cpu.v" into library xil_defaultlib
INFO: [VRFC 10-311] analyzing module cpu
INFO: [VRFC 10-2263] Analyzing Verilog file "C:/Users/fstqwq/OneDrive/cpu/riscv/src/ex.v" into library xil_defaultlib
INFO: [VRFC 10-311] analyzing module ex
INFO: [VRFC 10-2263] Analyzing Verilog file "C:/Users/fstqwq/OneDrive/cpu/riscv/src/ex_mem.v" into library xil_defaultlib
INFO: [VRFC 10-311] analyzing module ex_mem
INFO: [VRFC 10-2263] Analyzing Verilog file "C:/Users/fstqwq/OneDrive/cpu/riscv/src/common/fifo/fifo.v" into library xil_defaultlib
INFO: [VRFC 10-311] analyzing module fifo
INFO: [VRFC 10-2263] Analyzing Verilog file "C:/Users/fstqwq/OneDrive/cpu/riscv/src/hci.v" into library xil_defaultlib
INFO: [VRFC 10-311] analyzing module hci
INFO: [VRFC 10-2263] Analyzing Verilog file "C:/Users/fstqwq/OneDrive/cpu/riscv/src/id.v" into library xil_defaultlib
INFO: [VRFC 10-311] analyzing module id
INFO: [VRFC 10-2263] Analyzing Verilog file "C:/Users/fstqwq/OneDrive/cpu/riscv/src/id_ex.v" into library xil_defaultlib
INFO: [VRFC 10-311] analyzing module id_ex
INFO: [VRFC 10-2263] Analyzing Verilog file "C:/Users/fstqwq/OneDrive/cpu/riscv/src/if.v" into library xil_defaultlib
INFO: [VRFC 10-311] analyzing module IF
INFO: [VRFC 10-2263] Analyzing Verilog file "C:/Users/fstqwq/OneDrive/cpu/riscv/src/if_id.v" into library xil_defaultlib
INFO: [VRFC 10-311] analyzing module if_id
INFO: [VRFC 10-2263] Analyzing Verilog file "C:/Users/fstqwq/OneDrive/cpu/riscv/src/mem.v" into library xil_defaultlib
INFO: [VRFC 10-311] analyzing module mem
INFO: [VRFC 10-2263] Analyzing Verilog file "C:/Users/fstqwq/OneDrive/cpu/riscv/src/mem_ctrl.v" into library xil_defaultlib
INFO: [VRFC 10-311] analyzing module mem_ctrl
INFO: [VRFC 10-2263] Analyzing Verilog file "C:/Users/fstqwq/OneDrive/cpu/riscv/src/mem_wb.v" into library xil_defaultlib
INFO: [VRFC 10-311] analyzing module mem_wb
INFO: [VRFC 10-2263] Analyzing Verilog file "C:/Users/fstqwq/OneDrive/cpu/riscv/src/pc_reg.v" into library xil_defaultlib
INFO: [VRFC 10-311] analyzing module pc_reg
INFO: [VRFC 10-2263] Analyzing Verilog file "C:/Users/fstqwq/OneDrive/cpu/riscv/src/ram.v" into library xil_defaultlib
INFO: [VRFC 10-311] analyzing module ram
INFO: [VRFC 10-2263] Analyzing Verilog file "C:/Users/fstqwq/OneDrive/cpu/riscv/src/regfiles.v" into library xil_defaultlib
INFO: [VRFC 10-311] analyzing module regfile
INFO: [VRFC 10-2263] Analyzing Verilog file "C:/Users/fstqwq/OneDrive/cpu/riscv/src/riscv_top.v" into library xil_defaultlib
INFO: [VRFC 10-311] analyzing module riscv_top
INFO: [VRFC 10-2263] Analyzing Verilog file "C:/Users/fstqwq/OneDrive/cpu/riscv/src/stall.v" into library xil_defaultlib
INFO: [VRFC 10-311] analyzing module stall
INFO: [VRFC 10-2263] Analyzing Verilog file "C:/Users/fstqwq/OneDrive/cpu/riscv/src/common/uart/uart.v" into library xil_defaultlib
INFO: [VRFC 10-311] analyzing module uart
INFO: [VRFC 10-2263] Analyzing Verilog file "C:/Users/fstqwq/OneDrive/cpu/riscv/src/common/uart/uart_baud_clk.v" into library xil_defaultlib
INFO: [VRFC 10-311] analyzing module uart_baud_clk
INFO: [VRFC 10-2263] Analyzing Verilog file "C:/Users/fstqwq/OneDrive/cpu/riscv/src/common/uart/uart_rx.v" into library xil_defaultlib
INFO: [VRFC 10-311] analyzing module uart_rx
INFO: [VRFC 10-2263] Analyzing Verilog file "C:/Users/fstqwq/OneDrive/cpu/riscv/src/common/uart/uart_tx.v" into library xil_defaultlib
INFO: [VRFC 10-311] analyzing module uart_tx
INFO: [VRFC 10-2263] Analyzing Verilog file "C:/Users/fstqwq/OneDrive/cpu/riscv/sim/testbench.v" into library xil_defaultlib
INFO: [VRFC 10-311] analyzing module testbench
