WARNING: block_ram.v:93: $readmemh: Standard inconsistency, following 1364-2005.
VCD info: dumpfile a.vcd opened for output.
          0
          1
          2
          3
          4
          5
          6
          7
          8
          9
rw 02 00020000
         10
         11
         12
         13
rw 01 00000008
         14
         15
         16
         17
         18
         19
         20
         21
         22
         23
rw 02 0001ffd0
         24
         25
         26
         27
         28
         29
         30
         31
         32
         33
         34
         35
         36
         37
         38
         39
         40
         41
         42
         43
         44
         45
         46
         47
         48
         49
         50
         51
         52
         53
         54
         55
         56
         57
         58
         59
         60
         61
         62
         63
         64
         65
         66
         67
         68
         69
         70
         71
         72
         73
         74
         75
         76
         77
         78
         79
         80
         81
rw 09 00000000
         82
         83
         84
         85
         86
         87
rw 12 00000457
         88
         89
         90
         91
rw 13 0001ffd4
         92
         93
         94
         95
         96
         97
rw 14 00000004
         98
         99
        100
        101
rw 0b 0000000a
        102
        103
        104
        105
        106
        107
rw 0a 00000457
        108
        109
        110
        111
rw 01 000010ec
        112
        113
        114
        115
        116
        117
        118
        119
        120
        121
rw 05 000010ec
        122
        123
        124
        125
        126
        127
        128
        129
        130
        131
        132
        133
        134
        135
rw 01 00001094
        136
        137
        138
        139
        140
        141
        142
        143
        144
        145
rw 0c 0000000a
        146
        147
        148
        149
rw 0b 00000457
        150
        151
        152
        153
        154
        155
rw 0a ffffffff
        156
        157
        158
        159
        160
        161
        162
        163
        164
        165
rw 0d 00000001
        166
        167
        168
        169
        170
        171
        172
        173
        174
        175
        176
        177
        178
        179
rw 0c 00000014
        180
        181
        182
        183
        184
        185
rw 0d 00000002
        186
        187
        188
        189
        190
        191
        192
        193
rw 0c 00000028
        194
        195
rw 0d 00000004
        196
        197
rw 0a 00000000
        198
        199
rw 0c 00000050
        200
        201
rw 0d 00000008
        202
        203
rw 0a 00000000
        204
        205
rw 0c 000000a0
        206
        207
rw 0d 00000010
        208
        209
rw 0a 00000000
        210
        211
rw 0c 00000140
        212
        213
rw 0d 00000020
        214
        215
rw 0a 00000000
        216
        217
rw 0c 00000280
        218
        219
rw 0d 00000040
        220
        221
rw 0a 00000000
        222
        223
rw 0c 00000500
        224
        225
rw 0d 00000080
        226
        227
rw 0a 00000000
        228
        229
rw 0b ffffff57
        230
        231
        232
        233
        234
        235
        236
        237
rw 0d 00000040
        238
        239
        240
        241
rw 0c 00000280
        242
        243
        244
        245
        246
        247
        248
        249
        250
        251
rw 0b fffffcd7
        252
        253
        254
        255
        256
        257
rw 0a 00000040
rw 0d 00000020
        258
        259
rw 0c 00000140
        260
        261
        262
        263
rw 0b fffffb97
        264
        265
rw 0a 00000060
rw 0d 00000010
        266
        267
rw 0c 000000a0
        268
        269
        270
        271
        272
        273
        274
        275
        276
        277
rw 0a fffffb97
        278
        279
        280
        281
        282
        283
        284
        285
        286
        287
        288
        289
        290
        291
rw 0a fffffbc7
        292
        293
        294
        295
        296
        297
rw 09 00000001
        298
        299
        300
        301
rw 08 000000c7
        302
        303
        304
        305
        306
        307
rw 0f 0001ffd5
        308
        309
        310
        311
rw 0a 00000457
        312
        313
        314
        315
        316
        317
rw 0b 0000000a
        318
        319
        320
        321
        322
        323
        324
        325
        326
        327
rw 01 0000110c
        328
        329
        330
        331
        332
        333
        334
        335
        336
        337
        338
        339
        340
        341
        342
        343
        344
        345
rw 0c 0000000a
        346
        347
rw 0b 00000457
rw 0a ffffffff
        348
        349
rw 0d 00000001
        350
        351
        352
        353
rw 0c 00000014
rw 0d 00000002
        354
        355
rw 0a 00000000
        356
        357
        358
        359
rw 0c 00000028
rw 0d 00000004
        360
        361
rw 0a 00000000
        362
        363
        364
        365
rw 0c 00000050
rw 0d 00000008
        366
        367
rw 0a 00000000
        368
        369
        370
        371
rw 0c 000000a0
rw 0d 00000010
        372
        373
rw 0a 00000000
        374
        375
        376
        377
rw 0c 00000140
rw 0d 00000020
        378
        379
rw 0a 00000000
        380
        381
        382
        383
rw 0c 00000280
rw 0d 00000040
        384
        385
rw 0a 00000000
        386
        387
        388
        389
rw 0c 00000500
rw 0d 00000080
        390
        391
rw 0a 00000000
        392
        393
rw 0b ffffff57
        394
        395
rw 0d 00000040
        396
        397
rw 0c 00000280
        398
        399
        400
        401
        402
        403
        404
        405
        406
        407
rw 12 00000000
        408
        409
        410
        411
        412
        413
        414
        415
rw 0b 0000000a
        416
        417
rw 0a 00000000
rw 01 000010ec
        418
        419
rw 0a 00000030
        420
        421
rw 05 000010ec
        422
        423
rw 01 00001094
        424
        425
rw 0a 0000000a
        426
        427
rw 0c 0000000a
        428
        429
        430
        431
        432
        433
rw 0b 0000000a
        434
        435
        436
        437
rw 0a ffffffff
        438
        439
        440
        441
        442
        443
rw 0d 00000001
        444
        445
        446
        447
rw 0a 00000000
        448
        449
rw 0b 00000000
        450
        451
rw 0a 00000001
rw 0d 00000000
        452
        453
rw 0c 00000005
        454
        455
        456
        457
rw 0a 00000000
        458
        459
        460
        461
rw 0a 00000030
        462
        463
rw 09 00000002
rw 08 00000030
        464
        465
rw 0f 0001ffd6
rw 0a 00000000
        466
        467
        468
        469
        470
        471
rw 0b 0000000a
        472
        473
        474
        475
        476
        477
        478
        479
        480
        481
rw 01 0000110c
        482
        483
        484
        485
        486
        487
        488
        489
        490
        491
        492
        493
        494
        495
        496
        497
        498
        499
        500
        501
rw 0c 0000000a
rw 0b 00000000
        502
        503
rw 0a ffffffff
        504
        505
rw 0d 00000001
        506
        507
        508
        509
rw 0a 00000000
        510
        511
rw 0b fffffff6
        512
        513
rw 0d 00000000
rw 0c 00000005
        514
        515
        516
        517
        518
        519
        520
        521
        522
        523
        524
        525
rw 12 00000000
        526
        527
        528
        529
        530
        531
        532
        533
rw 0b 0000000a
rw 0a 00000000
        534
        535
rw 01 000010ec
rw 0a 00000030
        536
        537
rw 05 000010ec
        538
        539
        540
        541
rw 01 00001094
rw 0a 0000000a
        542
        543
rw 0c 0000000a
        544
        545
        546
        547
        548
        549
rw 0b 0000000a
        550
        551
        552
        553
        554
        555
rw 0a ffffffff
        556
        557
        558
        559
        560
        561
rw 0d 00000001
        562
        563
        564
        565
rw 0a 00000000
        566
        567
rw 0b 00000000
rw 0a 00000001
        568
        569
rw 0d 00000000
rw 0c 00000005
        570
        571
        572
        573
        574
        575
rw 0a 00000000
        576
        577
rw 0b 00000000
        578
        579
rw 0a 00000030
rw 09 00000003
        580
        581
rw 08 00000030
rw 0f 0001ffd7
        582
        583
rw 0a 00000000
        584
        585
        586
        587
rw 0b 0000000a
        588
        589
        590
        591
        592
        593
        594
        595
        596
        597
rw 01 0000110c
        598
        599
        600
        601
        602
        603
        604
        605
        606
        607
        608
        609
        610
        611
        612
        613
        614
        615
        616
        617
rw 0c 0000000a
rw 0b 00000000
        618
        619
rw 0a ffffffff
        620
        621
rw 0d 00000001
        622
        623
        624
        625
rw 0a 00000000
        626
        627
rw 0b fffffff6
        628
        629
rw 0d 00000000
rw 0c 00000005
        630
        631
        632
        633
        634
        635
        636
        637
        638
        639
        640
        641
rw 12 00000000
        642
        643
        644
        645
        646
        647
        648
        649
rw 0b 0000000a
rw 0a 00000000
        650
        651
rw 01 000010ec
rw 0a 00000030
        652
        653
rw 05 000010ec
        654
        655
        656
        657
rw 01 00001094
rw 0a 0000000a
        658
        659
rw 0c 0000000a
        660
        661
        662
        663
        664
        665
rw 0b 0000000a
        666
        667
        668
        669
        670
        671
rw 0a ffffffff
        672
        673
        674
        675
        676
        677
rw 0d 00000001
        678
        679
        680
        681
rw 0a 00000000
        682
        683
rw 0b 00000000
rw 0a 00000001
        684
        685
rw 0d 00000000
rw 0c 00000005
        686
        687
        688
        689
        690
        691
rw 0a 00000000
        692
        693
rw 0b 00000000
        694
        695
rw 0a 00000030
rw 09 00000004
        696
        697
rw 08 00000030
rw 0f 0001ffd8
        698
        699
rw 0a 00000000
        700
        701
        702
        703
rw 0b 0000000a
        704
        705
        706
        707
        708
        709
        710
        711
        712
        713
rw 01 0000110c
        714
        715
        716
        717
        718
        719
        720
        721
        722
        723
        724
        725
        726
        727
        728
        729
        730
        731
        732
        733
rw 0c 0000000a
rw 0b 00000000
        734
        735
rw 0a ffffffff
        736
        737
rw 0d 00000001
        738
        739
        740
        741
rw 0a 00000000
        742
        743
rw 0b fffffff6
        744
        745
rw 0d 00000000
rw 0c 00000005
        746
        747
        748
        749
rw 05 0000110c
        750
        751
        752
        753
        754
        755
        756
        757
rw 12 00000000
        758
        759
        760
        761
        762
        763
        764
        765
        766
        767
rw 0f 0001ffd7
        768
        769
        770
        771
rw 0d 00030000
        772
        773
        774
        775
        776
        777
        778
        779
        780
        781
        782
        783
        784
        785
        786
0        787
        788
        789
        790
        791
rw 0e 0001ffd6
        792
        793
        794
        795
        796
        797
        798
        799
        800
        801
        802
        803
        804
        805
        806
        807
        808
        809
rw 08 00000030
        810
        811
        812
        813
rw 0f 0001ffd6
        814
        815
        816
        817
0        818
        819
rw 0e 0001ffd5
        820
        821
        822
        823
        824
        825
        826
        827
        828
        829
rw 01 00000008
        830
        831
        832
        833
        834
        835
rw 08 00000030
rw 0f 0001ffd5
        836
0        837
        838
        839
rw 0e 0001ffd4
        840
        841
        842
        843
        844
        845
        846
        847
        848
        849
rw 01 00000008
        850
        851
        852
        853
        854
        855
rw 08 000000c7
rw 0f 0001ffd4
        856
Ç        857
        858
        859
rw 0e 0001ffd3
        860
        861
        862
        863
        864
        865
        866
        867
        868
        869
        870
        871
rw 01 00000008
        872
        873
        874
        875
        876
        877
        878
        879
        880
        881
rw 08 00000000
        882
        883
        884
        885
        886
        887
        888
        889
        890
        891
rw 09 00000000
        892
        893
        894
        895
        896
        897
        898
        899
        900
        901
rw 12 00000000
        902
        903
        904
        905
        906
        907
        908
        909
        910
        911
rw 13 00000000
        912
        913
        914
        915
        916
        917
        918
        919
        920
        921
rw 14 00000000
rw 0a 00000000
        922
        923
rw 02 00020000
        924
        925
        926
        927
        928
        929
        930
        931
        932
        933
rw 0a 000000ff
        934
        935
        936
        937
rw 0d 00030000
        938
        939
        940
        941
        942
        943
IO:Return
